*
* Visual Studio Code Server
*
* By using the software, you agree to
* the Visual Studio Code Server License Terms (https://aka.ms/vscode-server-license) and
* the Microsoft Privacy Statement (https://privacy.microsoft.com/en-US/privacystatement).
*
Server bound to 127.0.0.1:39093 (IPv4)
Extension host agent listening on 39093

[21:25:15] Extension host agent started.
[21:25:18] [127.0.0.1][9587438f][ManagementConnection] New connection established.
[21:25:18] [127.0.0.1][19b848ff][ExtensionHostConnection] New connection established.
[21:25:18] [127.0.0.1][19b848ff][ExtensionHostConnection] <32407> Launched Extension Host Process.
[IPC Library: Pty Host]  WARN Shell integration cannot be enabled for executable "/bin/sh" and args [
  '-c',
  'wget --version > /dev/null\n' +
    'if [ $? -eq 0 ]\n' +
    'then\n' +
    "\twget --connect-timeout=7 --tries=1 --dns-timeout=7 -q --header='Metadata:true' -O - http://169.254.169.254/metadata/instance?api-version=2019-03-11\n" +
    'else\n' +
    '\tcurl --version > /dev/null\n' +
    '\tif [ $? -eq 0 ]\n' +
    '\tthen\n' +
    "\t\tcurl --connect-timeout 7 -s --header='Metadata:true' http://169.254.169.254/metadata/instance?api-version=2019-03-11\n" +
    '\tfi\n' +
    'fi\n' +
    'exit 0'
]
[IPC Library: Pty Host]  WARN Shell integration cannot be enabled for executable "/bin/sh" and args [
  '-c',
  'wget --version > /dev/null\n' +
    'if [ $? -eq 0 ]\n' +
    'then\n' +
    '\twget --connect-timeout=7 --tries=1 --dns-timeout=7 -q  -O - http://169.254.169.254/latest/meta-data/instance-id\n' +
    'else\n' +
    '\tcurl --version > /dev/null\n' +
    '\tif [ $? -eq 0 ]\n' +
    '\tthen\n' +
    '\t\tcurl --connect-timeout 7 -s  http://169.254.169.254/latest/meta-data/instance-id\n' +
    '\tfi\n' +
    'fi\n' +
    'exit 0'
]
[IPC Library: Pty Host]  WARN Shell integration cannot be enabled for executable "/bin/sh" and args [
  '-c',
  'wget --version > /dev/null\n' +
    'if [ $? -eq 0 ]\n' +
    'then\n' +
    '\twget --connect-timeout=7 --tries=1 --dns-timeout=7 -q  -O - http://169.254.169.254/metadata/v1/id\n' +
    'else\n' +
    '\tcurl --version > /dev/null\n' +
    '\tif [ $? -eq 0 ]\n' +
    '\tthen\n' +
    '\t\tcurl --connect-timeout 7 -s  http://169.254.169.254/metadata/v1/id\n' +
    '\tfi\n' +
    'fi\n' +
    'exit 0'
]
[IPC Library: Pty Host]  WARN Shell integration cannot be enabled for executable "/bin/sh" and args [
  '-c',
  'wget --version > /dev/null\n' +
    'if [ $? -eq 0 ]\n' +
    'then\n' +
    "\twget --connect-timeout=7 --tries=1 --dns-timeout=7 -q --header='Metadata-Flavor:Google' -O - http://metadata.google.internal/computeMetadata/v1/instance/id\n" +
    'else\n' +
    '\tcurl --version > /dev/null\n' +
    '\tif [ $? -eq 0 ]\n' +
    '\tthen\n' +
    "\t\tcurl --connect-timeout 7 -s --header='Metadata-Flavor:Google' http://metadata.google.internal/computeMetadata/v1/instance/id\n" +
    '\tfi\n' +
    'fi\n' +
    'exit 0'
]
[21:27:55] [127.0.0.1][9587438f][ManagementConnection] The client has disconnected gracefully, so the connection will be disposed.
[21:28:26] [127.0.0.1][18cd14b7][ManagementConnection] New connection established.
[21:28:26] [127.0.0.1][fd58ff25][ExtensionHostConnection] New connection established.
[21:28:26] [127.0.0.1][fd58ff25][ExtensionHostConnection] <32956> Launched Extension Host Process.
[IPC Library: Pty Host]  WARN Shell integration cannot be enabled for executable "/bin/sh" and args [
  '-c',
  'wget --version > /dev/null\n' +
    'if [ $? -eq 0 ]\n' +
    'then\n' +
    "\twget --connect-timeout=7 --tries=1 --dns-timeout=7 -q --header='Metadata:true' -O - http://169.254.169.254/metadata/instance?api-version=2019-03-11\n" +
    'else\n' +
    '\tcurl --version > /dev/null\n' +
    '\tif [ $? -eq 0 ]\n' +
    '\tthen\n' +
    "\t\tcurl --connect-timeout 7 -s --header='Metadata:true' http://169.254.169.254/metadata/instance?api-version=2019-03-11\n" +
    '\tfi\n' +
    'fi\n' +
    'exit 0'
]
[IPC Library: Pty Host]  WARN Shell integration cannot be enabled for executable "/bin/sh" and args [
  '-c',
  'wget --version > /dev/null\n' +
    'if [ $? -eq 0 ]\n' +
    'then\n' +
    '\twget --connect-timeout=7 --tries=1 --dns-timeout=7 -q  -O - http://169.254.169.254/latest/meta-data/instance-id\n' +
    'else\n' +
    '\tcurl --version > /dev/null\n' +
    '\tif [ $? -eq 0 ]\n' +
    '\tthen\n' +
    '\t\tcurl --connect-timeout 7 -s  http://169.254.169.254/latest/meta-data/instance-id\n' +
    '\tfi\n' +
    'fi\n' +
    'exit 0'
]
[IPC Library: Pty Host]  WARN Shell integration cannot be enabled for executable "/bin/sh" and args [
  '-c',
  'wget --version > /dev/null\n' +
    'if [ $? -eq 0 ]\n' +
    'then\n' +
    '\twget --connect-timeout=7 --tries=1 --dns-timeout=7 -q  -O - http://169.254.169.254/metadata/v1/id\n' +
    'else\n' +
    '\tcurl --version > /dev/null\n' +
    '\tif [ $? -eq 0 ]\n' +
    '\tthen\n' +
    '\t\tcurl --connect-timeout 7 -s  http://169.254.169.254/metadata/v1/id\n' +
    '\tfi\n' +
    'fi\n' +
    'exit 0'
]
[IPC Library: Pty Host]  WARN Shell integration cannot be enabled for executable "/bin/sh" and args [
  '-c',
  'wget --version > /dev/null\n' +
    'if [ $? -eq 0 ]\n' +
    'then\n' +
    "\twget --connect-timeout=7 --tries=1 --dns-timeout=7 -q --header='Metadata-Flavor:Google' -O - http://metadata.google.internal/computeMetadata/v1/instance/id\n" +
    'else\n' +
    '\tcurl --version > /dev/null\n' +
    '\tif [ $? -eq 0 ]\n' +
    '\tthen\n' +
    "\t\tcurl --connect-timeout 7 -s --header='Metadata-Flavor:Google' http://metadata.google.internal/computeMetadata/v1/instance/id\n" +
    '\tfi\n' +
    'fi\n' +
    'exit 0'
]
rejected promise not handled within 1 second: CodeExpectedError: Could not find pty on pty host
stack trace: CodeExpectedError: Could not find pty on pty host,    at a._throwIfNoPty (/home/ubuntu/.vscode-server/bin/d045a5eda657f4d7b676dedbfa7aab8207f8a075/out/vs/platform/terminal/node/ptyHostMain.js:27:7252),    at a.updateIcon (/home/ubuntu/.vscode-server/bin/d045a5eda657f4d7b676dedbfa7aab8207f8a075/out/vs/platform/terminal/node/ptyHostMain.js:27:3046),    at Object.call (/home/ubuntu/.vscode-server/bin/d045a5eda657f4d7b676dedbfa7aab8207f8a075/out/vs/platform/terminal/node/ptyHostMain.js:16:8386),    at c.onPromise (/home/ubuntu/.vscode-server/bin/d045a5eda657f4d7b676dedbfa7aab8207f8a075/out/vs/platform/terminal/node/ptyHostMain.js:15:5833),    at c.onRawMessage (/home/ubuntu/.vscode-server/bin/d045a5eda657f4d7b676dedbfa7aab8207f8a075/out/vs/platform/terminal/node/ptyHostMain.js:15:5216),    at /home/ubuntu/.vscode-server/bin/d045a5eda657f4d7b676dedbfa7aab8207f8a075/out/vs/platform/terminal/node/ptyHostMain.js:15:4502,    at m.invoke (/home/ubuntu/.vscode-server/bin/d045a5eda657f4d7b676dedbfa7aab8207f8a075/out/vs/platform/terminal/node/ptyHostMain.js:11:145),    at D.deliver (/home/ubuntu/.vscode-server/bin/d045a5eda657f4d7b676dedbfa7aab8207f8a075/out/vs/platform/terminal/node/ptyHostMain.js:11:2275),    at O.fire (/home/ubuntu/.vscode-server/bin/d045a5eda657f4d7b676dedbfa7aab8207f8a075/out/vs/platform/terminal/node/ptyHostMain.js:11:1853),    at process.X (/home/ubuntu/.vscode-server/bin/d045a5eda657f4d7b676dedbfa7aab8207f8a075/out/vs/platform/terminal/node/ptyHostMain.js:9:20837),    at process.emit (node:events:526:28),    at emit (node:internal/child_process:938:14),    at processTicksAndRejections (node:internal/process/task_queues:84:21)
[21:28:35] [Error [CodeExpectedError]: Could not find pty on pty host,    at a._throwIfNoPty (/home/ubuntu/.vscode-server/bin/d045a5eda657f4d7b676dedbfa7aab8207f8a075/out/vs/platform/terminal/node/ptyHostMain.js:27:7252),    at a.updateIcon (/home/ubuntu/.vscode-server/bin/d045a5eda657f4d7b676dedbfa7aab8207f8a075/out/vs/platform/terminal/node/ptyHostMain.js:27:3046),    at Object.call (/home/ubuntu/.vscode-server/bin/d045a5eda657f4d7b676dedbfa7aab8207f8a075/out/vs/platform/terminal/node/ptyHostMain.js:16:8386),    at c.onPromise (/home/ubuntu/.vscode-server/bin/d045a5eda657f4d7b676dedbfa7aab8207f8a075/out/vs/platform/terminal/node/ptyHostMain.js:15:5833),    at c.onRawMessage (/home/ubuntu/.vscode-server/bin/d045a5eda657f4d7b676dedbfa7aab8207f8a075/out/vs/platform/terminal/node/ptyHostMain.js:15:5216),    at /home/ubuntu/.vscode-server/bin/d045a5eda657f4d7b676dedbfa7aab8207f8a075/out/vs/platform/terminal/node/ptyHostMain.js:15:4502,    at m.invoke (/home/ubuntu/.vscode-server/bin/d045a5eda657f4d7b676dedbfa7aab8207f8a075/out/vs/platform/terminal/node/ptyHostMain.js:11:145),    at D.deliver (/home/ubuntu/.vscode-server/bin/d045a5eda657f4d7b676dedbfa7aab8207f8a075/out/vs/platform/terminal/node/ptyHostMain.js:11:2275),    at O.fire (/home/ubuntu/.vscode-server/bin/d045a5eda657f4d7b676dedbfa7aab8207f8a075/out/vs/platform/terminal/node/ptyHostMain.js:11:1853),    at process.X (/home/ubuntu/.vscode-server/bin/d045a5eda657f4d7b676dedbfa7aab8207f8a075/out/vs/platform/terminal/node/ptyHostMain.js:9:20837),    at process.emit (node:events:526:28),    at emit (node:internal/child_process:938:14),    at processTicksAndRejections (node:internal/process/task_queues:84:21)]
[21:33:26] [127.0.0.1][19b848ff][ExtensionHostConnection] <32407> Extension Host Process exited with code: 0, signal: null.
rejected promise not handled within 1 second: CodeExpectedError: Could not find pty on pty host
stack trace: CodeExpectedError: Could not find pty on pty host,    at a._throwIfNoPty (/home/ubuntu/.vscode-server/bin/d045a5eda657f4d7b676dedbfa7aab8207f8a075/out/vs/platform/terminal/node/ptyHostMain.js:27:7252),    at a.updateIcon (/home/ubuntu/.vscode-server/bin/d045a5eda657f4d7b676dedbfa7aab8207f8a075/out/vs/platform/terminal/node/ptyHostMain.js:27:3046),    at Object.call (/home/ubuntu/.vscode-server/bin/d045a5eda657f4d7b676dedbfa7aab8207f8a075/out/vs/platform/terminal/node/ptyHostMain.js:16:8386),    at c.onPromise (/home/ubuntu/.vscode-server/bin/d045a5eda657f4d7b676dedbfa7aab8207f8a075/out/vs/platform/terminal/node/ptyHostMain.js:15:5833),    at c.onRawMessage (/home/ubuntu/.vscode-server/bin/d045a5eda657f4d7b676dedbfa7aab8207f8a075/out/vs/platform/terminal/node/ptyHostMain.js:15:5216),    at /home/ubuntu/.vscode-server/bin/d045a5eda657f4d7b676dedbfa7aab8207f8a075/out/vs/platform/terminal/node/ptyHostMain.js:15:4502,    at m.invoke (/home/ubuntu/.vscode-server/bin/d045a5eda657f4d7b676dedbfa7aab8207f8a075/out/vs/platform/terminal/node/ptyHostMain.js:11:145),    at D.deliver (/home/ubuntu/.vscode-server/bin/d045a5eda657f4d7b676dedbfa7aab8207f8a075/out/vs/platform/terminal/node/ptyHostMain.js:11:2275),    at O.fire (/home/ubuntu/.vscode-server/bin/d045a5eda657f4d7b676dedbfa7aab8207f8a075/out/vs/platform/terminal/node/ptyHostMain.js:11:1853),    at process.X (/home/ubuntu/.vscode-server/bin/d045a5eda657f4d7b676dedbfa7aab8207f8a075/out/vs/platform/terminal/node/ptyHostMain.js:9:20837),    at process.emit (node:events:526:28),    at emit (node:internal/child_process:938:14),    at processTicksAndRejections (node:internal/process/task_queues:84:21)
[21:35:00] [Error [CodeExpectedError]: Could not find pty on pty host,    at a._throwIfNoPty (/home/ubuntu/.vscode-server/bin/d045a5eda657f4d7b676dedbfa7aab8207f8a075/out/vs/platform/terminal/node/ptyHostMain.js:27:7252),    at a.updateIcon (/home/ubuntu/.vscode-server/bin/d045a5eda657f4d7b676dedbfa7aab8207f8a075/out/vs/platform/terminal/node/ptyHostMain.js:27:3046),    at Object.call (/home/ubuntu/.vscode-server/bin/d045a5eda657f4d7b676dedbfa7aab8207f8a075/out/vs/platform/terminal/node/ptyHostMain.js:16:8386),    at c.onPromise (/home/ubuntu/.vscode-server/bin/d045a5eda657f4d7b676dedbfa7aab8207f8a075/out/vs/platform/terminal/node/ptyHostMain.js:15:5833),    at c.onRawMessage (/home/ubuntu/.vscode-server/bin/d045a5eda657f4d7b676dedbfa7aab8207f8a075/out/vs/platform/terminal/node/ptyHostMain.js:15:5216),    at /home/ubuntu/.vscode-server/bin/d045a5eda657f4d7b676dedbfa7aab8207f8a075/out/vs/platform/terminal/node/ptyHostMain.js:15:4502,    at m.invoke (/home/ubuntu/.vscode-server/bin/d045a5eda657f4d7b676dedbfa7aab8207f8a075/out/vs/platform/terminal/node/ptyHostMain.js:11:145),    at D.deliver (/home/ubuntu/.vscode-server/bin/d045a5eda657f4d7b676dedbfa7aab8207f8a075/out/vs/platform/terminal/node/ptyHostMain.js:11:2275),    at O.fire (/home/ubuntu/.vscode-server/bin/d045a5eda657f4d7b676dedbfa7aab8207f8a075/out/vs/platform/terminal/node/ptyHostMain.js:11:1853),    at process.X (/home/ubuntu/.vscode-server/bin/d045a5eda657f4d7b676dedbfa7aab8207f8a075/out/vs/platform/terminal/node/ptyHostMain.js:9:20837),    at process.emit (node:events:526:28),    at emit (node:internal/child_process:938:14),    at processTicksAndRejections (node:internal/process/task_queues:84:21)]
rejected promise not handled within 1 second: CodeExpectedError: Could not find pty on pty host
stack trace: CodeExpectedError: Could not find pty on pty host,    at a._throwIfNoPty (/home/ubuntu/.vscode-server/bin/d045a5eda657f4d7b676dedbfa7aab8207f8a075/out/vs/platform/terminal/node/ptyHostMain.js:27:7252),    at a.updateTitle (/home/ubuntu/.vscode-server/bin/d045a5eda657f4d7b676dedbfa7aab8207f8a075/out/vs/platform/terminal/node/ptyHostMain.js:27:2984),    at Object.call (/home/ubuntu/.vscode-server/bin/d045a5eda657f4d7b676dedbfa7aab8207f8a075/out/vs/platform/terminal/node/ptyHostMain.js:16:8386),    at c.onPromise (/home/ubuntu/.vscode-server/bin/d045a5eda657f4d7b676dedbfa7aab8207f8a075/out/vs/platform/terminal/node/ptyHostMain.js:15:5833),    at c.onRawMessage (/home/ubuntu/.vscode-server/bin/d045a5eda657f4d7b676dedbfa7aab8207f8a075/out/vs/platform/terminal/node/ptyHostMain.js:15:5216),    at /home/ubuntu/.vscode-server/bin/d045a5eda657f4d7b676dedbfa7aab8207f8a075/out/vs/platform/terminal/node/ptyHostMain.js:15:4502,    at m.invoke (/home/ubuntu/.vscode-server/bin/d045a5eda657f4d7b676dedbfa7aab8207f8a075/out/vs/platform/terminal/node/ptyHostMain.js:11:145),    at D.deliver (/home/ubuntu/.vscode-server/bin/d045a5eda657f4d7b676dedbfa7aab8207f8a075/out/vs/platform/terminal/node/ptyHostMain.js:11:2275),    at O.fire (/home/ubuntu/.vscode-server/bin/d045a5eda657f4d7b676dedbfa7aab8207f8a075/out/vs/platform/terminal/node/ptyHostMain.js:11:1853),    at process.X (/home/ubuntu/.vscode-server/bin/d045a5eda657f4d7b676dedbfa7aab8207f8a075/out/vs/platform/terminal/node/ptyHostMain.js:9:20837),    at process.emit (node:events:526:28),    at emit (node:internal/child_process:938:14),    at processTicksAndRejections (node:internal/process/task_queues:84:21)
[21:35:00] [Error [CodeExpectedError]: Could not find pty on pty host,    at a._throwIfNoPty (/home/ubuntu/.vscode-server/bin/d045a5eda657f4d7b676dedbfa7aab8207f8a075/out/vs/platform/terminal/node/ptyHostMain.js:27:7252),    at a.updateTitle (/home/ubuntu/.vscode-server/bin/d045a5eda657f4d7b676dedbfa7aab8207f8a075/out/vs/platform/terminal/node/ptyHostMain.js:27:2984),    at Object.call (/home/ubuntu/.vscode-server/bin/d045a5eda657f4d7b676dedbfa7aab8207f8a075/out/vs/platform/terminal/node/ptyHostMain.js:16:8386),    at c.onPromise (/home/ubuntu/.vscode-server/bin/d045a5eda657f4d7b676dedbfa7aab8207f8a075/out/vs/platform/terminal/node/ptyHostMain.js:15:5833),    at c.onRawMessage (/home/ubuntu/.vscode-server/bin/d045a5eda657f4d7b676dedbfa7aab8207f8a075/out/vs/platform/terminal/node/ptyHostMain.js:15:5216),    at /home/ubuntu/.vscode-server/bin/d045a5eda657f4d7b676dedbfa7aab8207f8a075/out/vs/platform/terminal/node/ptyHostMain.js:15:4502,    at m.invoke (/home/ubuntu/.vscode-server/bin/d045a5eda657f4d7b676dedbfa7aab8207f8a075/out/vs/platform/terminal/node/ptyHostMain.js:11:145),    at D.deliver (/home/ubuntu/.vscode-server/bin/d045a5eda657f4d7b676dedbfa7aab8207f8a075/out/vs/platform/terminal/node/ptyHostMain.js:11:2275),    at O.fire (/home/ubuntu/.vscode-server/bin/d045a5eda657f4d7b676dedbfa7aab8207f8a075/out/vs/platform/terminal/node/ptyHostMain.js:11:1853),    at process.X (/home/ubuntu/.vscode-server/bin/d045a5eda657f4d7b676dedbfa7aab8207f8a075/out/vs/platform/terminal/node/ptyHostMain.js:9:20837),    at process.emit (node:events:526:28),    at emit (node:internal/child_process:938:14),    at processTicksAndRejections (node:internal/process/task_queues:84:21)]
rejected promise not handled within 1 second: CodeExpectedError: Could not find pty on pty host
stack trace: CodeExpectedError: Could not find pty on pty host,    at a._throwIfNoPty (/home/ubuntu/.vscode-server/bin/d045a5eda657f4d7b676dedbfa7aab8207f8a075/out/vs/platform/terminal/node/ptyHostMain.js:27:7252),    at a.updateTitle (/home/ubuntu/.vscode-server/bin/d045a5eda657f4d7b676dedbfa7aab8207f8a075/out/vs/platform/terminal/node/ptyHostMain.js:27:2984),    at Object.call (/home/ubuntu/.vscode-server/bin/d045a5eda657f4d7b676dedbfa7aab8207f8a075/out/vs/platform/terminal/node/ptyHostMain.js:16:8386),    at c.onPromise (/home/ubuntu/.vscode-server/bin/d045a5eda657f4d7b676dedbfa7aab8207f8a075/out/vs/platform/terminal/node/ptyHostMain.js:15:5833),    at c.onRawMessage (/home/ubuntu/.vscode-server/bin/d045a5eda657f4d7b676dedbfa7aab8207f8a075/out/vs/platform/terminal/node/ptyHostMain.js:15:5216),    at /home/ubuntu/.vscode-server/bin/d045a5eda657f4d7b676dedbfa7aab8207f8a075/out/vs/platform/terminal/node/ptyHostMain.js:15:4502,    at m.invoke (/home/ubuntu/.vscode-server/bin/d045a5eda657f4d7b676dedbfa7aab8207f8a075/out/vs/platform/terminal/node/ptyHostMain.js:11:145),    at D.deliver (/home/ubuntu/.vscode-server/bin/d045a5eda657f4d7b676dedbfa7aab8207f8a075/out/vs/platform/terminal/node/ptyHostMain.js:11:2275),    at O.fire (/home/ubuntu/.vscode-server/bin/d045a5eda657f4d7b676dedbfa7aab8207f8a075/out/vs/platform/terminal/node/ptyHostMain.js:11:1853),    at process.X (/home/ubuntu/.vscode-server/bin/d045a5eda657f4d7b676dedbfa7aab8207f8a075/out/vs/platform/terminal/node/ptyHostMain.js:9:20837),    at process.emit (node:events:526:28),    at emit (node:internal/child_process:938:14),    at processTicksAndRejections (node:internal/process/task_queues:84:21)
[21:35:00] [Error [CodeExpectedError]: Could not find pty on pty host,    at a._throwIfNoPty (/home/ubuntu/.vscode-server/bin/d045a5eda657f4d7b676dedbfa7aab8207f8a075/out/vs/platform/terminal/node/ptyHostMain.js:27:7252),    at a.updateTitle (/home/ubuntu/.vscode-server/bin/d045a5eda657f4d7b676dedbfa7aab8207f8a075/out/vs/platform/terminal/node/ptyHostMain.js:27:2984),    at Object.call (/home/ubuntu/.vscode-server/bin/d045a5eda657f4d7b676dedbfa7aab8207f8a075/out/vs/platform/terminal/node/ptyHostMain.js:16:8386),    at c.onPromise (/home/ubuntu/.vscode-server/bin/d045a5eda657f4d7b676dedbfa7aab8207f8a075/out/vs/platform/terminal/node/ptyHostMain.js:15:5833),    at c.onRawMessage (/home/ubuntu/.vscode-server/bin/d045a5eda657f4d7b676dedbfa7aab8207f8a075/out/vs/platform/terminal/node/ptyHostMain.js:15:5216),    at /home/ubuntu/.vscode-server/bin/d045a5eda657f4d7b676dedbfa7aab8207f8a075/out/vs/platform/terminal/node/ptyHostMain.js:15:4502,    at m.invoke (/home/ubuntu/.vscode-server/bin/d045a5eda657f4d7b676dedbfa7aab8207f8a075/out/vs/platform/terminal/node/ptyHostMain.js:11:145),    at D.deliver (/home/ubuntu/.vscode-server/bin/d045a5eda657f4d7b676dedbfa7aab8207f8a075/out/vs/platform/terminal/node/ptyHostMain.js:11:2275),    at O.fire (/home/ubuntu/.vscode-server/bin/d045a5eda657f4d7b676dedbfa7aab8207f8a075/out/vs/platform/terminal/node/ptyHostMain.js:11:1853),    at process.X (/home/ubuntu/.vscode-server/bin/d045a5eda657f4d7b676dedbfa7aab8207f8a075/out/vs/platform/terminal/node/ptyHostMain.js:9:20837),    at process.emit (node:events:526:28),    at emit (node:internal/child_process:938:14),    at processTicksAndRejections (node:internal/process/task_queues:84:21)]
[21:35:04] [127.0.0.1][18cd14b7][ManagementConnection] The client has reconnected.
rejected promise not handled within 1 second: CodeExpectedError: Could not find pty on pty host
stack trace: CodeExpectedError: Could not find pty on pty host,    at a._throwIfNoPty (/home/ubuntu/.vscode-server/bin/d045a5eda657f4d7b676dedbfa7aab8207f8a075/out/vs/platform/terminal/node/ptyHostMain.js:27:7252),    at a.updateTitle (/home/ubuntu/.vscode-server/bin/d045a5eda657f4d7b676dedbfa7aab8207f8a075/out/vs/platform/terminal/node/ptyHostMain.js:27:2984),    at Object.call (/home/ubuntu/.vscode-server/bin/d045a5eda657f4d7b676dedbfa7aab8207f8a075/out/vs/platform/terminal/node/ptyHostMain.js:16:8386),    at c.onPromise (/home/ubuntu/.vscode-server/bin/d045a5eda657f4d7b676dedbfa7aab8207f8a075/out/vs/platform/terminal/node/ptyHostMain.js:15:5833),    at c.onRawMessage (/home/ubuntu/.vscode-server/bin/d045a5eda657f4d7b676dedbfa7aab8207f8a075/out/vs/platform/terminal/node/ptyHostMain.js:15:5216),    at /home/ubuntu/.vscode-server/bin/d045a5eda657f4d7b676dedbfa7aab8207f8a075/out/vs/platform/terminal/node/ptyHostMain.js:15:4502,    at m.invoke (/home/ubuntu/.vscode-server/bin/d045a5eda657f4d7b676dedbfa7aab8207f8a075/out/vs/platform/terminal/node/ptyHostMain.js:11:145),    at D.deliver (/home/ubuntu/.vscode-server/bin/d045a5eda657f4d7b676dedbfa7aab8207f8a075/out/vs/platform/terminal/node/ptyHostMain.js:11:2275),    at O.fire (/home/ubuntu/.vscode-server/bin/d045a5eda657f4d7b676dedbfa7aab8207f8a075/out/vs/platform/terminal/node/ptyHostMain.js:11:1853),    at process.X (/home/ubuntu/.vscode-server/bin/d045a5eda657f4d7b676dedbfa7aab8207f8a075/out/vs/platform/terminal/node/ptyHostMain.js:9:20837),    at process.emit (node:events:526:28),    at emit (node:internal/child_process:938:14),    at processTicksAndRejections (node:internal/process/task_queues:84:21)
[21:35:09] [Error [CodeExpectedError]: Could not find pty on pty host,    at a._throwIfNoPty (/home/ubuntu/.vscode-server/bin/d045a5eda657f4d7b676dedbfa7aab8207f8a075/out/vs/platform/terminal/node/ptyHostMain.js:27:7252),    at a.updateTitle (/home/ubuntu/.vscode-server/bin/d045a5eda657f4d7b676dedbfa7aab8207f8a075/out/vs/platform/terminal/node/ptyHostMain.js:27:2984),    at Object.call (/home/ubuntu/.vscode-server/bin/d045a5eda657f4d7b676dedbfa7aab8207f8a075/out/vs/platform/terminal/node/ptyHostMain.js:16:8386),    at c.onPromise (/home/ubuntu/.vscode-server/bin/d045a5eda657f4d7b676dedbfa7aab8207f8a075/out/vs/platform/terminal/node/ptyHostMain.js:15:5833),    at c.onRawMessage (/home/ubuntu/.vscode-server/bin/d045a5eda657f4d7b676dedbfa7aab8207f8a075/out/vs/platform/terminal/node/ptyHostMain.js:15:5216),    at /home/ubuntu/.vscode-server/bin/d045a5eda657f4d7b676dedbfa7aab8207f8a075/out/vs/platform/terminal/node/ptyHostMain.js:15:4502,    at m.invoke (/home/ubuntu/.vscode-server/bin/d045a5eda657f4d7b676dedbfa7aab8207f8a075/out/vs/platform/terminal/node/ptyHostMain.js:11:145),    at D.deliver (/home/ubuntu/.vscode-server/bin/d045a5eda657f4d7b676dedbfa7aab8207f8a075/out/vs/platform/terminal/node/ptyHostMain.js:11:2275),    at O.fire (/home/ubuntu/.vscode-server/bin/d045a5eda657f4d7b676dedbfa7aab8207f8a075/out/vs/platform/terminal/node/ptyHostMain.js:11:1853),    at process.X (/home/ubuntu/.vscode-server/bin/d045a5eda657f4d7b676dedbfa7aab8207f8a075/out/vs/platform/terminal/node/ptyHostMain.js:9:20837),    at process.emit (node:events:526:28),    at emit (node:internal/child_process:938:14),    at processTicksAndRejections (node:internal/process/task_queues:84:21)]
[21:35:25] [127.0.0.1][fd58ff25][ExtensionHostConnection] The client has reconnected.
[22:00:20] [127.0.0.1][fd58ff25][ExtensionHostConnection] The client has reconnected.
[22:01:05] [127.0.0.1][fd58ff25][ExtensionHostConnection] The client has reconnected.
[IPC Library: Pty Host]  WARN Shell integration cannot be enabled for executable "/usr/bin/tmux" and args undefined
[22:13:29] No ptyHost heartbeat after 6 seconds
[22:30:52] No ptyHost heartbeat after 6 seconds
[22:31:21] No ptyHost heartbeat after 6 seconds
[22:33:13] No ptyHost heartbeat after 6 seconds
[22:33:20] No ptyHost heartbeat after 6 seconds
[22:33:23] [127.0.0.1][18cd14b7][ManagementConnection] The client has disconnected gracefully, so the connection will be disposed.
[22:33:24] [127.0.0.1][fd58ff25][ExtensionHostConnection] <32956> Extension Host Process exited with code: 0, signal: null.
Last EH closed, waiting before shutting down
[22:33:24] Last EH closed, waiting before shutting down
rejected promise not handled within 1 second: CodeExpectedError: Could not find pty on pty host
stack trace: CodeExpectedError: Could not find pty on pty host,    at a._throwIfNoPty (/home/ubuntu/.vscode-server/bin/d045a5eda657f4d7b676dedbfa7aab8207f8a075/out/vs/platform/terminal/node/ptyHostMain.js:27:7252),    at a.updateIcon (/home/ubuntu/.vscode-server/bin/d045a5eda657f4d7b676dedbfa7aab8207f8a075/out/vs/platform/terminal/node/ptyHostMain.js:27:3046),    at Object.call (/home/ubuntu/.vscode-server/bin/d045a5eda657f4d7b676dedbfa7aab8207f8a075/out/vs/platform/terminal/node/ptyHostMain.js:16:8386),    at c.onPromise (/home/ubuntu/.vscode-server/bin/d045a5eda657f4d7b676dedbfa7aab8207f8a075/out/vs/platform/terminal/node/ptyHostMain.js:15:5833),    at c.onRawMessage (/home/ubuntu/.vscode-server/bin/d045a5eda657f4d7b676dedbfa7aab8207f8a075/out/vs/platform/terminal/node/ptyHostMain.js:15:5216),    at /home/ubuntu/.vscode-server/bin/d045a5eda657f4d7b676dedbfa7aab8207f8a075/out/vs/platform/terminal/node/ptyHostMain.js:15:4502,    at m.invoke (/home/ubuntu/.vscode-server/bin/d045a5eda657f4d7b676dedbfa7aab8207f8a075/out/vs/platform/terminal/node/ptyHostMain.js:11:145),    at D.deliver (/home/ubuntu/.vscode-server/bin/d045a5eda657f4d7b676dedbfa7aab8207f8a075/out/vs/platform/terminal/node/ptyHostMain.js:11:2275),    at O.fire (/home/ubuntu/.vscode-server/bin/d045a5eda657f4d7b676dedbfa7aab8207f8a075/out/vs/platform/terminal/node/ptyHostMain.js:11:1853),    at process.X (/home/ubuntu/.vscode-server/bin/d045a5eda657f4d7b676dedbfa7aab8207f8a075/out/vs/platform/terminal/node/ptyHostMain.js:9:20837),    at process.emit (node:events:526:28),    at emit (node:internal/child_process:938:14),    at processTicksAndRejections (node:internal/process/task_queues:84:21)
[22:33:25] [Error [CodeExpectedError]: Could not find pty on pty host,    at a._throwIfNoPty (/home/ubuntu/.vscode-server/bin/d045a5eda657f4d7b676dedbfa7aab8207f8a075/out/vs/platform/terminal/node/ptyHostMain.js:27:7252),    at a.updateIcon (/home/ubuntu/.vscode-server/bin/d045a5eda657f4d7b676dedbfa7aab8207f8a075/out/vs/platform/terminal/node/ptyHostMain.js:27:3046),    at Object.call (/home/ubuntu/.vscode-server/bin/d045a5eda657f4d7b676dedbfa7aab8207f8a075/out/vs/platform/terminal/node/ptyHostMain.js:16:8386),    at c.onPromise (/home/ubuntu/.vscode-server/bin/d045a5eda657f4d7b676dedbfa7aab8207f8a075/out/vs/platform/terminal/node/ptyHostMain.js:15:5833),    at c.onRawMessage (/home/ubuntu/.vscode-server/bin/d045a5eda657f4d7b676dedbfa7aab8207f8a075/out/vs/platform/terminal/node/ptyHostMain.js:15:5216),    at /home/ubuntu/.vscode-server/bin/d045a5eda657f4d7b676dedbfa7aab8207f8a075/out/vs/platform/terminal/node/ptyHostMain.js:15:4502,    at m.invoke (/home/ubuntu/.vscode-server/bin/d045a5eda657f4d7b676dedbfa7aab8207f8a075/out/vs/platform/terminal/node/ptyHostMain.js:11:145),    at D.deliver (/home/ubuntu/.vscode-server/bin/d045a5eda657f4d7b676dedbfa7aab8207f8a075/out/vs/platform/terminal/node/ptyHostMain.js:11:2275),    at O.fire (/home/ubuntu/.vscode-server/bin/d045a5eda657f4d7b676dedbfa7aab8207f8a075/out/vs/platform/terminal/node/ptyHostMain.js:11:1853),    at process.X (/home/ubuntu/.vscode-server/bin/d045a5eda657f4d7b676dedbfa7aab8207f8a075/out/vs/platform/terminal/node/ptyHostMain.js:9:20837),    at process.emit (node:events:526:28),    at emit (node:internal/child_process:938:14),    at processTicksAndRejections (node:internal/process/task_queues:84:21)]
rejected promise not handled within 1 second: CodeExpectedError: Could not find pty on pty host
stack trace: CodeExpectedError: Could not find pty on pty host,    at a._throwIfNoPty (/home/ubuntu/.vscode-server/bin/d045a5eda657f4d7b676dedbfa7aab8207f8a075/out/vs/platform/terminal/node/ptyHostMain.js:27:7252),    at a.updateTitle (/home/ubuntu/.vscode-server/bin/d045a5eda657f4d7b676dedbfa7aab8207f8a075/out/vs/platform/terminal/node/ptyHostMain.js:27:2984),    at Object.call (/home/ubuntu/.vscode-server/bin/d045a5eda657f4d7b676dedbfa7aab8207f8a075/out/vs/platform/terminal/node/ptyHostMain.js:16:8386),    at c.onPromise (/home/ubuntu/.vscode-server/bin/d045a5eda657f4d7b676dedbfa7aab8207f8a075/out/vs/platform/terminal/node/ptyHostMain.js:15:5833),    at c.onRawMessage (/home/ubuntu/.vscode-server/bin/d045a5eda657f4d7b676dedbfa7aab8207f8a075/out/vs/platform/terminal/node/ptyHostMain.js:15:5216),    at /home/ubuntu/.vscode-server/bin/d045a5eda657f4d7b676dedbfa7aab8207f8a075/out/vs/platform/terminal/node/ptyHostMain.js:15:4502,    at m.invoke (/home/ubuntu/.vscode-server/bin/d045a5eda657f4d7b676dedbfa7aab8207f8a075/out/vs/platform/terminal/node/ptyHostMain.js:11:145),    at D.deliver (/home/ubuntu/.vscode-server/bin/d045a5eda657f4d7b676dedbfa7aab8207f8a075/out/vs/platform/terminal/node/ptyHostMain.js:11:2275),    at O.fire (/home/ubuntu/.vscode-server/bin/d045a5eda657f4d7b676dedbfa7aab8207f8a075/out/vs/platform/terminal/node/ptyHostMain.js:11:1853),    at process.X (/home/ubuntu/.vscode-server/bin/d045a5eda657f4d7b676dedbfa7aab8207f8a075/out/vs/platform/terminal/node/ptyHostMain.js:9:20837),    at process.emit (node:events:526:28),    at emit (node:internal/child_process:938:14),    at processTicksAndRejections (node:internal/process/task_queues:84:21)
[22:33:25] [Error [CodeExpectedError]: Could not find pty on pty host,    at a._throwIfNoPty (/home/ubuntu/.vscode-server/bin/d045a5eda657f4d7b676dedbfa7aab8207f8a075/out/vs/platform/terminal/node/ptyHostMain.js:27:7252),    at a.updateTitle (/home/ubuntu/.vscode-server/bin/d045a5eda657f4d7b676dedbfa7aab8207f8a075/out/vs/platform/terminal/node/ptyHostMain.js:27:2984),    at Object.call (/home/ubuntu/.vscode-server/bin/d045a5eda657f4d7b676dedbfa7aab8207f8a075/out/vs/platform/terminal/node/ptyHostMain.js:16:8386),    at c.onPromise (/home/ubuntu/.vscode-server/bin/d045a5eda657f4d7b676dedbfa7aab8207f8a075/out/vs/platform/terminal/node/ptyHostMain.js:15:5833),    at c.onRawMessage (/home/ubuntu/.vscode-server/bin/d045a5eda657f4d7b676dedbfa7aab8207f8a075/out/vs/platform/terminal/node/ptyHostMain.js:15:5216),    at /home/ubuntu/.vscode-server/bin/d045a5eda657f4d7b676dedbfa7aab8207f8a075/out/vs/platform/terminal/node/ptyHostMain.js:15:4502,    at m.invoke (/home/ubuntu/.vscode-server/bin/d045a5eda657f4d7b676dedbfa7aab8207f8a075/out/vs/platform/terminal/node/ptyHostMain.js:11:145),    at D.deliver (/home/ubuntu/.vscode-server/bin/d045a5eda657f4d7b676dedbfa7aab8207f8a075/out/vs/platform/terminal/node/ptyHostMain.js:11:2275),    at O.fire (/home/ubuntu/.vscode-server/bin/d045a5eda657f4d7b676dedbfa7aab8207f8a075/out/vs/platform/terminal/node/ptyHostMain.js:11:1853),    at process.X (/home/ubuntu/.vscode-server/bin/d045a5eda657f4d7b676dedbfa7aab8207f8a075/out/vs/platform/terminal/node/ptyHostMain.js:9:20837),    at process.emit (node:events:526:28),    at emit (node:internal/child_process:938:14),    at processTicksAndRejections (node:internal/process/task_queues:84:21)]
rejected promise not handled within 1 second: CodeExpectedError: Could not find pty on pty host
stack trace: CodeExpectedError: Could not find pty on pty host,    at a._throwIfNoPty (/home/ubuntu/.vscode-server/bin/d045a5eda657f4d7b676dedbfa7aab8207f8a075/out/vs/platform/terminal/node/ptyHostMain.js:27:7252),    at a.updateIcon (/home/ubuntu/.vscode-server/bin/d045a5eda657f4d7b676dedbfa7aab8207f8a075/out/vs/platform/terminal/node/ptyHostMain.js:27:3046),    at Object.call (/home/ubuntu/.vscode-server/bin/d045a5eda657f4d7b676dedbfa7aab8207f8a075/out/vs/platform/terminal/node/ptyHostMain.js:16:8386),    at c.onPromise (/home/ubuntu/.vscode-server/bin/d045a5eda657f4d7b676dedbfa7aab8207f8a075/out/vs/platform/terminal/node/ptyHostMain.js:15:5833),    at c.onRawMessage (/home/ubuntu/.vscode-server/bin/d045a5eda657f4d7b676dedbfa7aab8207f8a075/out/vs/platform/terminal/node/ptyHostMain.js:15:5216),    at /home/ubuntu/.vscode-server/bin/d045a5eda657f4d7b676dedbfa7aab8207f8a075/out/vs/platform/terminal/node/ptyHostMain.js:15:4502,    at m.invoke (/home/ubuntu/.vscode-server/bin/d045a5eda657f4d7b676dedbfa7aab8207f8a075/out/vs/platform/terminal/node/ptyHostMain.js:11:145),    at D.deliver (/home/ubuntu/.vscode-server/bin/d045a5eda657f4d7b676dedbfa7aab8207f8a075/out/vs/platform/terminal/node/ptyHostMain.js:11:2275),    at O.fire (/home/ubuntu/.vscode-server/bin/d045a5eda657f4d7b676dedbfa7aab8207f8a075/out/vs/platform/terminal/node/ptyHostMain.js:11:1853),    at process.X (/home/ubuntu/.vscode-server/bin/d045a5eda657f4d7b676dedbfa7aab8207f8a075/out/vs/platform/terminal/node/ptyHostMain.js:9:20837),    at process.emit (node:events:526:28),    at emit (node:internal/child_process:938:14),    at processTicksAndRejections (node:internal/process/task_queues:84:21)
[22:33:25] [Error [CodeExpectedError]: Could not find pty on pty host,    at a._throwIfNoPty (/home/ubuntu/.vscode-server/bin/d045a5eda657f4d7b676dedbfa7aab8207f8a075/out/vs/platform/terminal/node/ptyHostMain.js:27:7252),    at a.updateIcon (/home/ubuntu/.vscode-server/bin/d045a5eda657f4d7b676dedbfa7aab8207f8a075/out/vs/platform/terminal/node/ptyHostMain.js:27:3046),    at Object.call (/home/ubuntu/.vscode-server/bin/d045a5eda657f4d7b676dedbfa7aab8207f8a075/out/vs/platform/terminal/node/ptyHostMain.js:16:8386),    at c.onPromise (/home/ubuntu/.vscode-server/bin/d045a5eda657f4d7b676dedbfa7aab8207f8a075/out/vs/platform/terminal/node/ptyHostMain.js:15:5833),    at c.onRawMessage (/home/ubuntu/.vscode-server/bin/d045a5eda657f4d7b676dedbfa7aab8207f8a075/out/vs/platform/terminal/node/ptyHostMain.js:15:5216),    at /home/ubuntu/.vscode-server/bin/d045a5eda657f4d7b676dedbfa7aab8207f8a075/out/vs/platform/terminal/node/ptyHostMain.js:15:4502,    at m.invoke (/home/ubuntu/.vscode-server/bin/d045a5eda657f4d7b676dedbfa7aab8207f8a075/out/vs/platform/terminal/node/ptyHostMain.js:11:145),    at D.deliver (/home/ubuntu/.vscode-server/bin/d045a5eda657f4d7b676dedbfa7aab8207f8a075/out/vs/platform/terminal/node/ptyHostMain.js:11:2275),    at O.fire (/home/ubuntu/.vscode-server/bin/d045a5eda657f4d7b676dedbfa7aab8207f8a075/out/vs/platform/terminal/node/ptyHostMain.js:11:1853),    at process.X (/home/ubuntu/.vscode-server/bin/d045a5eda657f4d7b676dedbfa7aab8207f8a075/out/vs/platform/terminal/node/ptyHostMain.js:9:20837),    at process.emit (node:events:526:28),    at emit (node:internal/child_process:938:14),    at processTicksAndRejections (node:internal/process/task_queues:84:21)]
rejected promise not handled within 1 second: CodeExpectedError: Could not find pty on pty host
stack trace: CodeExpectedError: Could not find pty on pty host,    at a._throwIfNoPty (/home/ubuntu/.vscode-server/bin/d045a5eda657f4d7b676dedbfa7aab8207f8a075/out/vs/platform/terminal/node/ptyHostMain.js:27:7252),    at a.updateTitle (/home/ubuntu/.vscode-server/bin/d045a5eda657f4d7b676dedbfa7aab8207f8a075/out/vs/platform/terminal/node/ptyHostMain.js:27:2984),    at Object.call (/home/ubuntu/.vscode-server/bin/d045a5eda657f4d7b676dedbfa7aab8207f8a075/out/vs/platform/terminal/node/ptyHostMain.js:16:8386),    at c.onPromise (/home/ubuntu/.vscode-server/bin/d045a5eda657f4d7b676dedbfa7aab8207f8a075/out/vs/platform/terminal/node/ptyHostMain.js:15:5833),    at c.onRawMessage (/home/ubuntu/.vscode-server/bin/d045a5eda657f4d7b676dedbfa7aab8207f8a075/out/vs/platform/terminal/node/ptyHostMain.js:15:5216),    at /home/ubuntu/.vscode-server/bin/d045a5eda657f4d7b676dedbfa7aab8207f8a075/out/vs/platform/terminal/node/ptyHostMain.js:15:4502,    at m.invoke (/home/ubuntu/.vscode-server/bin/d045a5eda657f4d7b676dedbfa7aab8207f8a075/out/vs/platform/terminal/node/ptyHostMain.js:11:145),    at D.deliver (/home/ubuntu/.vscode-server/bin/d045a5eda657f4d7b676dedbfa7aab8207f8a075/out/vs/platform/terminal/node/ptyHostMain.js:11:2275),    at O.fire (/home/ubuntu/.vscode-server/bin/d045a5eda657f4d7b676dedbfa7aab8207f8a075/out/vs/platform/terminal/node/ptyHostMain.js:11:1853),    at process.X (/home/ubuntu/.vscode-server/bin/d045a5eda657f4d7b676dedbfa7aab8207f8a075/out/vs/platform/terminal/node/ptyHostMain.js:9:20837),    at process.emit (node:events:526:28),    at emit (node:internal/child_process:938:14),    at processTicksAndRejections (node:internal/process/task_queues:84:21)
[22:33:25] [Error [CodeExpectedError]: Could not find pty on pty host,    at a._throwIfNoPty (/home/ubuntu/.vscode-server/bin/d045a5eda657f4d7b676dedbfa7aab8207f8a075/out/vs/platform/terminal/node/ptyHostMain.js:27:7252),    at a.updateTitle (/home/ubuntu/.vscode-server/bin/d045a5eda657f4d7b676dedbfa7aab8207f8a075/out/vs/platform/terminal/node/ptyHostMain.js:27:2984),    at Object.call (/home/ubuntu/.vscode-server/bin/d045a5eda657f4d7b676dedbfa7aab8207f8a075/out/vs/platform/terminal/node/ptyHostMain.js:16:8386),    at c.onPromise (/home/ubuntu/.vscode-server/bin/d045a5eda657f4d7b676dedbfa7aab8207f8a075/out/vs/platform/terminal/node/ptyHostMain.js:15:5833),    at c.onRawMessage (/home/ubuntu/.vscode-server/bin/d045a5eda657f4d7b676dedbfa7aab8207f8a075/out/vs/platform/terminal/node/ptyHostMain.js:15:5216),    at /home/ubuntu/.vscode-server/bin/d045a5eda657f4d7b676dedbfa7aab8207f8a075/out/vs/platform/terminal/node/ptyHostMain.js:15:4502,    at m.invoke (/home/ubuntu/.vscode-server/bin/d045a5eda657f4d7b676dedbfa7aab8207f8a075/out/vs/platform/terminal/node/ptyHostMain.js:11:145),    at D.deliver (/home/ubuntu/.vscode-server/bin/d045a5eda657f4d7b676dedbfa7aab8207f8a075/out/vs/platform/terminal/node/ptyHostMain.js:11:2275),    at O.fire (/home/ubuntu/.vscode-server/bin/d045a5eda657f4d7b676dedbfa7aab8207f8a075/out/vs/platform/terminal/node/ptyHostMain.js:11:1853),    at process.X (/home/ubuntu/.vscode-server/bin/d045a5eda657f4d7b676dedbfa7aab8207f8a075/out/vs/platform/terminal/node/ptyHostMain.js:9:20837),    at process.emit (node:events:526:28),    at emit (node:internal/child_process:938:14),    at processTicksAndRejections (node:internal/process/task_queues:84:21)]
rejected promise not handled within 1 second: CodeExpectedError: Could not find pty on pty host
stack trace: CodeExpectedError: Could not find pty on pty host,    at a._throwIfNoPty (/home/ubuntu/.vscode-server/bin/d045a5eda657f4d7b676dedbfa7aab8207f8a075/out/vs/platform/terminal/node/ptyHostMain.js:27:7252),    at a.updateTitle (/home/ubuntu/.vscode-server/bin/d045a5eda657f4d7b676dedbfa7aab8207f8a075/out/vs/platform/terminal/node/ptyHostMain.js:27:2984),    at Object.call (/home/ubuntu/.vscode-server/bin/d045a5eda657f4d7b676dedbfa7aab8207f8a075/out/vs/platform/terminal/node/ptyHostMain.js:16:8386),    at c.onPromise (/home/ubuntu/.vscode-server/bin/d045a5eda657f4d7b676dedbfa7aab8207f8a075/out/vs/platform/terminal/node/ptyHostMain.js:15:5833),    at c.onRawMessage (/home/ubuntu/.vscode-server/bin/d045a5eda657f4d7b676dedbfa7aab8207f8a075/out/vs/platform/terminal/node/ptyHostMain.js:15:5216),    at /home/ubuntu/.vscode-server/bin/d045a5eda657f4d7b676dedbfa7aab8207f8a075/out/vs/platform/terminal/node/ptyHostMain.js:15:4502,    at m.invoke (/home/ubuntu/.vscode-server/bin/d045a5eda657f4d7b676dedbfa7aab8207f8a075/out/vs/platform/terminal/node/ptyHostMain.js:11:145),    at D.deliver (/home/ubuntu/.vscode-server/bin/d045a5eda657f4d7b676dedbfa7aab8207f8a075/out/vs/platform/terminal/node/ptyHostMain.js:11:2275),    at O.fire (/home/ubuntu/.vscode-server/bin/d045a5eda657f4d7b676dedbfa7aab8207f8a075/out/vs/platform/terminal/node/ptyHostMain.js:11:1853),    at process.X (/home/ubuntu/.vscode-server/bin/d045a5eda657f4d7b676dedbfa7aab8207f8a075/out/vs/platform/terminal/node/ptyHostMain.js:9:20837),    at process.emit (node:events:526:28),    at emit (node:internal/child_process:938:14),    at processTicksAndRejections (node:internal/process/task_queues:84:21)
[22:33:25] [Error [CodeExpectedError]: Could not find pty on pty host,    at a._throwIfNoPty (/home/ubuntu/.vscode-server/bin/d045a5eda657f4d7b676dedbfa7aab8207f8a075/out/vs/platform/terminal/node/ptyHostMain.js:27:7252),    at a.updateTitle (/home/ubuntu/.vscode-server/bin/d045a5eda657f4d7b676dedbfa7aab8207f8a075/out/vs/platform/terminal/node/ptyHostMain.js:27:2984),    at Object.call (/home/ubuntu/.vscode-server/bin/d045a5eda657f4d7b676dedbfa7aab8207f8a075/out/vs/platform/terminal/node/ptyHostMain.js:16:8386),    at c.onPromise (/home/ubuntu/.vscode-server/bin/d045a5eda657f4d7b676dedbfa7aab8207f8a075/out/vs/platform/terminal/node/ptyHostMain.js:15:5833),    at c.onRawMessage (/home/ubuntu/.vscode-server/bin/d045a5eda657f4d7b676dedbfa7aab8207f8a075/out/vs/platform/terminal/node/ptyHostMain.js:15:5216),    at /home/ubuntu/.vscode-server/bin/d045a5eda657f4d7b676dedbfa7aab8207f8a075/out/vs/platform/terminal/node/ptyHostMain.js:15:4502,    at m.invoke (/home/ubuntu/.vscode-server/bin/d045a5eda657f4d7b676dedbfa7aab8207f8a075/out/vs/platform/terminal/node/ptyHostMain.js:11:145),    at D.deliver (/home/ubuntu/.vscode-server/bin/d045a5eda657f4d7b676dedbfa7aab8207f8a075/out/vs/platform/terminal/node/ptyHostMain.js:11:2275),    at O.fire (/home/ubuntu/.vscode-server/bin/d045a5eda657f4d7b676dedbfa7aab8207f8a075/out/vs/platform/terminal/node/ptyHostMain.js:11:1853),    at process.X (/home/ubuntu/.vscode-server/bin/d045a5eda657f4d7b676dedbfa7aab8207f8a075/out/vs/platform/terminal/node/ptyHostMain.js:9:20837),    at process.emit (node:events:526:28),    at emit (node:internal/child_process:938:14),    at processTicksAndRejections (node:internal/process/task_queues:84:21)]
rejected promise not handled within 1 second: CodeExpectedError: Could not find pty on pty host
stack trace: CodeExpectedError: Could not find pty on pty host,    at a._throwIfNoPty (/home/ubuntu/.vscode-server/bin/d045a5eda657f4d7b676dedbfa7aab8207f8a075/out/vs/platform/terminal/node/ptyHostMain.js:27:7252),    at a.updateTitle (/home/ubuntu/.vscode-server/bin/d045a5eda657f4d7b676dedbfa7aab8207f8a075/out/vs/platform/terminal/node/ptyHostMain.js:27:2984),    at Object.call (/home/ubuntu/.vscode-server/bin/d045a5eda657f4d7b676dedbfa7aab8207f8a075/out/vs/platform/terminal/node/ptyHostMain.js:16:8386),    at c.onPromise (/home/ubuntu/.vscode-server/bin/d045a5eda657f4d7b676dedbfa7aab8207f8a075/out/vs/platform/terminal/node/ptyHostMain.js:15:5833),    at c.onRawMessage (/home/ubuntu/.vscode-server/bin/d045a5eda657f4d7b676dedbfa7aab8207f8a075/out/vs/platform/terminal/node/ptyHostMain.js:15:5216),    at /home/ubuntu/.vscode-server/bin/d045a5eda657f4d7b676dedbfa7aab8207f8a075/out/vs/platform/terminal/node/ptyHostMain.js:15:4502,    at m.invoke (/home/ubuntu/.vscode-server/bin/d045a5eda657f4d7b676dedbfa7aab8207f8a075/out/vs/platform/terminal/node/ptyHostMain.js:11:145),    at D.deliver (/home/ubuntu/.vscode-server/bin/d045a5eda657f4d7b676dedbfa7aab8207f8a075/out/vs/platform/terminal/node/ptyHostMain.js:11:2275),    at O.fire (/home/ubuntu/.vscode-server/bin/d045a5eda657f4d7b676dedbfa7aab8207f8a075/out/vs/platform/terminal/node/ptyHostMain.js:11:1853),    at process.X (/home/ubuntu/.vscode-server/bin/d045a5eda657f4d7b676dedbfa7aab8207f8a075/out/vs/platform/terminal/node/ptyHostMain.js:9:20837),    at process.emit (node:events:526:28),    at emit (node:internal/child_process:938:14),    at processTicksAndRejections (node:internal/process/task_queues:84:21)
[22:33:25] [Error [CodeExpectedError]: Could not find pty on pty host,    at a._throwIfNoPty (/home/ubuntu/.vscode-server/bin/d045a5eda657f4d7b676dedbfa7aab8207f8a075/out/vs/platform/terminal/node/ptyHostMain.js:27:7252),    at a.updateTitle (/home/ubuntu/.vscode-server/bin/d045a5eda657f4d7b676dedbfa7aab8207f8a075/out/vs/platform/terminal/node/ptyHostMain.js:27:2984),    at Object.call (/home/ubuntu/.vscode-server/bin/d045a5eda657f4d7b676dedbfa7aab8207f8a075/out/vs/platform/terminal/node/ptyHostMain.js:16:8386),    at c.onPromise (/home/ubuntu/.vscode-server/bin/d045a5eda657f4d7b676dedbfa7aab8207f8a075/out/vs/platform/terminal/node/ptyHostMain.js:15:5833),    at c.onRawMessage (/home/ubuntu/.vscode-server/bin/d045a5eda657f4d7b676dedbfa7aab8207f8a075/out/vs/platform/terminal/node/ptyHostMain.js:15:5216),    at /home/ubuntu/.vscode-server/bin/d045a5eda657f4d7b676dedbfa7aab8207f8a075/out/vs/platform/terminal/node/ptyHostMain.js:15:4502,    at m.invoke (/home/ubuntu/.vscode-server/bin/d045a5eda657f4d7b676dedbfa7aab8207f8a075/out/vs/platform/terminal/node/ptyHostMain.js:11:145),    at D.deliver (/home/ubuntu/.vscode-server/bin/d045a5eda657f4d7b676dedbfa7aab8207f8a075/out/vs/platform/terminal/node/ptyHostMain.js:11:2275),    at O.fire (/home/ubuntu/.vscode-server/bin/d045a5eda657f4d7b676dedbfa7aab8207f8a075/out/vs/platform/terminal/node/ptyHostMain.js:11:1853),    at process.X (/home/ubuntu/.vscode-server/bin/d045a5eda657f4d7b676dedbfa7aab8207f8a075/out/vs/platform/terminal/node/ptyHostMain.js:9:20837),    at process.emit (node:events:526:28),    at emit (node:internal/child_process:938:14),    at processTicksAndRejections (node:internal/process/task_queues:84:21)]
Last EH closed, shutting down
[22:38:24] Last EH closed, shutting down
